2025-07-04 01:34:19 [main] INFO  c.geneinsight.GeneInsightApplication - Starting GeneInsightApplication using Java 24.0.1 with PID 8904 (D:\geneinsight-platform\target\geneinsight-backend-1.0.0.jar started by Saurabh in D:\geneinsight-platform)
2025-07-04 01:34:19 [main] DEBUG c.geneinsight.GeneInsightApplication - Running with Spring Boot v3.2.1, Spring v6.1.2
2025-07-04 01:34:19 [main] INFO  c.geneinsight.GeneInsightApplication - No active profile set, falling back to 1 default profile: "default"
2025-07-04 01:34:20 [main] INFO  o.s.d.r.c.RepositoryConfigurationDelegate - Bootstrapping Spring Data JPA repositories in DEFAULT mode.
2025-07-04 01:34:21 [main] INFO  o.s.d.r.c.RepositoryConfigurationDelegate - Finished Spring Data repository scanning in 75 ms. Found 2 JPA repository interfaces.
2025-07-04 01:34:21 [main] INFO  o.s.b.w.e.tomcat.TomcatWebServer - Tomcat initialized with port 8080 (http)
2025-07-04 01:34:21 [main] INFO  o.a.catalina.core.StandardService - Starting service [Tomcat]
2025-07-04 01:34:21 [main] INFO  o.a.catalina.core.StandardEngine - Starting Servlet engine: [Apache Tomcat/10.1.17]
2025-07-04 01:34:21 [main] INFO  o.a.c.c.C.[Tomcat].[localhost].[/] - Initializing Spring embedded WebApplicationContext
2025-07-04 01:34:21 [main] INFO  o.s.b.w.s.c.ServletWebServerApplicationContext - Root WebApplicationContext: initialization completed in 2681 ms
2025-07-04 01:34:22 [main] INFO  com.zaxxer.hikari.HikariDataSource - HikariPool-1 - Starting...
2025-07-04 01:34:22 [main] INFO  com.zaxxer.hikari.pool.HikariPool - HikariPool-1 - Added connection conn0: url=jdbc:h2:mem:geneinsight user=SA
2025-07-04 01:34:22 [main] INFO  com.zaxxer.hikari.HikariDataSource - HikariPool-1 - Start completed.
2025-07-04 01:34:22 [main] INFO  o.s.b.a.h.H2ConsoleAutoConfiguration - H2 console available at '/h2-console'. Database available at 'jdbc:h2:mem:geneinsight'
2025-07-04 01:34:22 [main] INFO  o.h.jpa.internal.util.LogHelper - HHH000204: Processing PersistenceUnitInfo [name: default]
2025-07-04 01:34:22 [main] INFO  org.hibernate.Version - HHH000412: Hibernate ORM core version 6.4.1.Final
2025-07-04 01:34:22 [main] INFO  o.h.c.i.RegionFactoryInitiator - HHH000026: Second-level cache disabled
2025-07-04 01:34:23 [main] INFO  o.s.o.j.p.SpringPersistenceUnitInfo - No LoadTimeWeaver setup: ignoring JPA class transformer
2025-07-04 01:34:23 [main] WARN  org.hibernate.orm.deprecation - HHH90000025: H2Dialect does not need to be specified explicitly using 'hibernate.dialect' (remove the property setting and it will be selected by default)
2025-07-04 01:34:24 [main] INFO  o.h.e.t.j.p.i.JtaPlatformInitiator - HHH000489: No JTA platform available (set 'hibernate.transaction.jta.platform' to enable JTA platform integration)
2025-07-04 01:34:24 [main] INFO  o.s.o.j.LocalContainerEntityManagerFactoryBean - Initialized JPA EntityManagerFactory for persistence unit 'default'
2025-07-04 01:34:25 [main] INFO  o.s.d.j.r.query.QueryEnhancerFactory - Hibernate is in classpath; If applicable, HQL parser will be used.
2025-07-04 01:34:25 [main] DEBUG c.g.security.JwtAuthenticationFilter - Filter 'jwtAuthenticationFilter' configured for use
2025-07-04 01:34:26 [main] WARN  o.s.b.a.o.j.JpaBaseConfiguration$JpaWebConfiguration - spring.jpa.open-in-view is enabled by default. Therefore, database queries may be performed during view rendering. Explicitly configure spring.jpa.open-in-view to disable this warning
2025-07-04 01:34:26 [main] INFO  o.s.b.a.w.s.WelcomePageHandlerMapping - Adding welcome page: class path resource [static/index.html]
2025-07-04 01:34:26 [main] INFO  o.s.s.web.DefaultSecurityFilterChain - Will secure any request with [org.springframework.security.web.session.DisableEncodeUrlFilter@7ce09850, org.springframework.security.web.context.request.async.WebAsyncManagerIntegrationFilter@1836228d, org.springframework.security.web.context.SecurityContextHolderFilter@3514ea20, org.springframework.security.web.header.HeaderWriterFilter@48e0e779, org.springframework.web.filter.CorsFilter@3e216fc9, org.springframework.security.web.authentication.logout.LogoutFilter@5608233b, com.geneinsight.security.JwtAuthenticationFilter@2fedfff1, org.springframework.security.web.savedrequest.RequestCacheAwareFilter@5683a326, org.springframework.security.web.servletapi.SecurityContextHolderAwareRequestFilter@7574d30b, org.springframework.security.web.authentication.AnonymousAuthenticationFilter@fcd300e, org.springframework.security.web.session.SessionManagementFilter@2ba7828b, org.springframework.security.web.access.ExceptionTranslationFilter@f62ae87, org.springframework.security.web.access.intercept.AuthorizationFilter@18cb7c6]
2025-07-04 01:34:26 [main] WARN  o.s.b.a.t.ThymeleafAutoConfiguration$DefaultTemplateResolverConfiguration - Cannot find template location: classpath:/templates/ (please add some templates, check your Thymeleaf configuration, or set spring.thymeleaf.check-template-location=false)
2025-07-04 01:34:27 [main] INFO  o.s.b.w.e.tomcat.TomcatWebServer - Tomcat started on port 8080 (http) with context path ''
2025-07-04 01:34:27 [main] INFO  o.s.m.s.b.SimpleBrokerMessageHandler - Starting...
2025-07-04 01:34:27 [main] INFO  o.s.m.s.b.SimpleBrokerMessageHandler - BrokerAvailabilityEvent[available=true, SimpleBrokerMessageHandler [org.springframework.messaging.simp.broker.DefaultSubscriptionRegistry@5d39797a]]
2025-07-04 01:34:27 [main] INFO  o.s.m.s.b.SimpleBrokerMessageHandler - Started.
2025-07-04 01:34:27 [main] INFO  c.geneinsight.GeneInsightApplication - Started GeneInsightApplication in 8.646 seconds (process running for 9.917)
2025-07-04 01:35:26 [MessageBroker-1] INFO  o.s.w.s.c.WebSocketMessageBrokerStats - WebSocketSession[0 current WS(0)-HttpStream(0)-HttpPoll(0), 0 total, 0 closed abnormally (0 connect failure, 0 send limit, 0 transport error)], stompSubProtocol[processed CONNECT(0)-CONNECTED(0)-DISCONNECT(0)], stompBrokerRelay[null], inboundChannel[pool size = 0, active threads = 0, queued tasks = 0, completed tasks = 0], outboundChannel[pool size = 0, active threads = 0, queued tasks = 0, completed tasks = 0], sockJsScheduler[pool size = 1, active threads = 1, queued tasks = 0, completed tasks = 0]
2025-07-04 01:35:42 [http-nio-8080-exec-2] INFO  o.a.c.c.C.[Tomcat].[localhost].[/] - Initializing Spring DispatcherServlet 'dispatcherServlet'
2025-07-04 01:35:42 [http-nio-8080-exec-2] INFO  o.s.web.servlet.DispatcherServlet - Initializing Servlet 'dispatcherServlet'
2025-07-04 01:35:42 [http-nio-8080-exec-2] INFO  o.s.web.servlet.DispatcherServlet - Completed initialization in 1 ms
2025-07-04 01:35:42 [http-nio-8080-exec-2] DEBUG o.s.security.web.FilterChainProxy - Securing GET /
2025-07-04 01:35:42 [http-nio-8080-exec-2] DEBUG o.s.s.w.a.AnonymousAuthenticationFilter - Set SecurityContextHolder to anonymous SecurityContext
2025-07-04 01:35:42 [http-nio-8080-exec-2] DEBUG o.s.security.web.FilterChainProxy - Secured GET /
2025-07-04 01:35:42 [http-nio-8080-exec-2] DEBUG o.s.security.web.FilterChainProxy - Securing GET /index.html
2025-07-04 01:35:42 [http-nio-8080-exec-2] DEBUG o.s.security.web.FilterChainProxy - Secured GET /index.html
2025-07-04 01:36:30 [SpringApplicationShutdownHook] INFO  o.s.m.s.b.SimpleBrokerMessageHandler - Stopping...
2025-07-04 01:36:30 [SpringApplicationShutdownHook] INFO  o.s.m.s.b.SimpleBrokerMessageHandler - BrokerAvailabilityEvent[available=false, SimpleBrokerMessageHandler [org.springframework.messaging.simp.broker.DefaultSubscriptionRegistry@5d39797a]]
2025-07-04 01:36:30 [SpringApplicationShutdownHook] INFO  o.s.m.s.b.SimpleBrokerMessageHandler - Stopped.
2025-07-04 01:36:30 [SpringApplicationShutdownHook] INFO  o.s.o.j.LocalContainerEntityManagerFactoryBean - Closing JPA EntityManagerFactory for persistence unit 'default'
2025-07-04 01:36:30 [SpringApplicationShutdownHook] INFO  com.zaxxer.hikari.HikariDataSource - HikariPool-1 - Shutdown initiated...
2025-07-04 01:36:30 [SpringApplicationShutdownHook] INFO  com.zaxxer.hikari.HikariDataSource - HikariPool-1 - Shutdown completed.
